Using pre-set license
Built from '2022.3/staging' branch; Version is '2022.3.34f1 (4886f5360533) revision 4753141'; Using compiler version '192829333'; Build Type 'Release'
OS: 'Windows 11  (10.0.22631) 64bit CoreSingleLanguage' Language: 'en' Physical Memory: 15790 MB
BatchMode: 1, IsHumanControllingUs: 0, StartBugReporterOnCrash: 0, Is64bit: 1, IsPro: 1

COMMAND LINE ARGUMENTS:
C:\Program Files\Unity\Hub\Editor\2022.3.34f1\Editor\Unity.exe
-adb2
-batchMode
-noUpm
-name
AssetImportWorker2
-projectPath
C:/Users/jenifer toledo/Documents/GitHub/Visual-Novel_QA_Toledo/Visual novel
-logFile
Logs/AssetImportWorker2.log
-srvPort
55297
Successfully changed project path to: C:/Users/jenifer toledo/Documents/GitHub/Visual-Novel_QA_Toledo/Visual novel
C:/Users/jenifer toledo/Documents/GitHub/Visual-Novel_QA_Toledo/Visual novel
[UnityMemory] Configuration Parameters - Can be set up in boot.config
    "memorysetup-bucket-allocator-granularity=16"
    "memorysetup-bucket-allocator-bucket-count=8"
    "memorysetup-bucket-allocator-block-size=33554432"
    "memorysetup-bucket-allocator-block-count=8"
    "memorysetup-main-allocator-block-size=16777216"
    "memorysetup-thread-allocator-block-size=16777216"
    "memorysetup-gfx-main-allocator-block-size=16777216"
    "memorysetup-gfx-thread-allocator-block-size=16777216"
    "memorysetup-cache-allocator-block-size=4194304"
    "memorysetup-typetree-allocator-block-size=2097152"
    "memorysetup-profiler-bucket-allocator-granularity=16"
    "memorysetup-profiler-bucket-allocator-bucket-count=8"
    "memorysetup-profiler-bucket-allocator-block-size=33554432"
    "memorysetup-profiler-bucket-allocator-block-count=8"
    "memorysetup-profiler-allocator-block-size=16777216"
    "memorysetup-profiler-editor-allocator-block-size=1048576"
    "memorysetup-temp-allocator-size-main=16777216"
    "memorysetup-job-temp-allocator-block-size=2097152"
    "memorysetup-job-temp-allocator-block-size-background=1048576"
    "memorysetup-job-temp-allocator-reduction-small-platforms=262144"
    "memorysetup-allocator-temp-initial-block-size-main=262144"
    "memorysetup-allocator-temp-initial-block-size-worker=262144"
    "memorysetup-temp-allocator-size-background-worker=32768"
    "memorysetup-temp-allocator-size-job-worker=262144"
    "memorysetup-temp-allocator-size-preload-manager=33554432"
    "memorysetup-temp-allocator-size-nav-mesh-worker=65536"
    "memorysetup-temp-allocator-size-audio-worker=65536"
    "memorysetup-temp-allocator-size-cloud-worker=32768"
    "memorysetup-temp-allocator-size-gi-baking-worker=262144"
    "memorysetup-temp-allocator-size-gfx=262144"
Player connection [38508] Host "[IP] 192.168.1.5 [Port] 0 [Flags] 2 [Guid] 704009105 [EditorId] 704009105 [Version] 1048832 [Id] WindowsEditor(7,LAPTOP-HC5F5T2U) [Debug] 1 [PackageName] WindowsEditor [ProjectName] Editor" joined multi-casting on [225.0.0.222:54997]...

Player connection [38508] Host "[IP] 192.168.1.5 [Port] 0 [Flags] 2 [Guid] 704009105 [EditorId] 704009105 [Version] 1048832 [Id] WindowsEditor(7,LAPTOP-HC5F5T2U) [Debug] 1 [PackageName] WindowsEditor [ProjectName] Editor" joined alternative multi-casting on [225.0.0.222:34997]...

[PhysX] Initialized MultithreadedTaskDispatcher with 16 workers.
Refreshing native plugins compatible for Editor in 15.30 ms, found 3 plugins.
Preloading 0 native plugins for Editor in 0.00 ms.
Initialize engine version: 2022.3.34f1 (4886f5360533)
[Subsystems] Discovering subsystems at path C:/Program Files/Unity/Hub/Editor/2022.3.34f1/Editor/Data/Resources/UnitySubsystems
[Subsystems] Discovering subsystems at path C:/Users/jenifer toledo/Documents/GitHub/Visual-Novel_QA_Toledo/Visual novel/Assets
GfxDevice: creating device client; threaded=0; jobified=0
Direct3D:
    Version:  Direct3D 11.0 [level 11.1]
    Renderer: NVIDIA GeForce RTX 3050 Laptop GPU (ID=0x25a2)
    Vendor:   NVIDIA
    VRAM:     3964 MB
    Driver:   32.0.15.7216
Initialize mono
Mono path[0] = 'C:/Program Files/Unity/Hub/Editor/2022.3.34f1/Editor/Data/Managed'
Mono path[1] = 'C:/Program Files/Unity/Hub/Editor/2022.3.34f1/Editor/Data/MonoBleedingEdge/lib/mono/unityjit-win32'
Mono config path = 'C:/Program Files/Unity/Hub/Editor/2022.3.34f1/Editor/Data/MonoBleedingEdge/etc'
Using monoOptions --debugger-agent=transport=dt_socket,embedding=1,server=y,suspend=n,address=127.0.0.1:56952
Begin MonoManager ReloadAssembly
Registering precompiled unity dll's ...
Register platform support module: C:/Program Files/Unity/Hub/Editor/2022.3.34f1/Editor/Data/PlaybackEngines/WindowsStandaloneSupport/UnityEditor.WindowsStandalone.Extensions.dll
Registered in 0.011983 seconds.
- Loaded All Assemblies, in  0.434 seconds
Native extension for WindowsStandalone target not found
Mono: successfully reloaded assembly
- Finished resetting the current domain, in  0.365 seconds
Domain Reload Profiling: 796ms
	BeginReloadAssembly (140ms)
		ExecutionOrderSort (0ms)
		DisableScriptedObjects (0ms)
		BackupInstance (0ms)
		ReleaseScriptingObjects (0ms)
		CreateAndSetChildDomain (1ms)
	RebuildCommonClasses (39ms)
	RebuildNativeTypeToScriptingClass (11ms)
	initialDomainReloadingComplete (84ms)
	LoadAllAssembliesAndSetupDomain (156ms)
		LoadAssemblies (137ms)
		RebuildTransferFunctionScriptingTraits (0ms)
		AnalyzeDomain (153ms)
			TypeCache.Refresh (151ms)
				TypeCache.ScanAssembly (134ms)
			ScanForSourceGeneratedMonoScriptInfo (0ms)
			ResolveRequiredComponents (1ms)
	FinalizeReload (365ms)
		ReleaseScriptCaches (0ms)
		RebuildScriptCaches (0ms)
		SetupLoadedEditorAssemblies (294ms)
			LogAssemblyErrors (0ms)
			InitializePlatformSupportModulesInManaged (12ms)
			SetLoadedEditorAssemblies (9ms)
			RefreshPlugins (0ms)
			BeforeProcessingInitializeOnLoad (3ms)
			ProcessInitializeOnLoadAttributes (208ms)
			ProcessInitializeOnLoadMethodAttributes (63ms)
			AfterProcessingInitializeOnLoad (0ms)
			EditorAssembliesLoaded (0ms)
		ExecutionOrderSort2 (0ms)
		AwakeInstancesAfterBackupRestoration (0ms)
========================================================================
Worker process is ready to serve import requests
Begin MonoManager ReloadAssembly
- Loaded All Assemblies, in  0.991 seconds
Refreshing native plugins compatible for Editor in 7.25 ms, found 3 plugins.
Native extension for WindowsStandalone target not found
Mono: successfully reloaded assembly
- Finished resetting the current domain, in  0.843 seconds
Domain Reload Profiling: 1830ms
	BeginReloadAssembly (239ms)
		ExecutionOrderSort (0ms)
		DisableScriptedObjects (7ms)
		BackupInstance (0ms)
		ReleaseScriptingObjects (0ms)
		CreateAndSetChildDomain (36ms)
	RebuildCommonClasses (40ms)
	RebuildNativeTypeToScriptingClass (12ms)
	initialDomainReloadingComplete (57ms)
	LoadAllAssembliesAndSetupDomain (639ms)
		LoadAssemblies (510ms)
		RebuildTransferFunctionScriptingTraits (0ms)
		AnalyzeDomain (272ms)
			TypeCache.Refresh (228ms)
				TypeCache.ScanAssembly (207ms)
			ScanForSourceGeneratedMonoScriptInfo (23ms)
			ResolveRequiredComponents (17ms)
	FinalizeReload (844ms)
		ReleaseScriptCaches (0ms)
		RebuildScriptCaches (0ms)
		SetupLoadedEditorAssemblies (626ms)
			LogAssemblyErrors (0ms)
			InitializePlatformSupportModulesInManaged (9ms)
			SetLoadedEditorAssemblies (6ms)
			RefreshPlugins (0ms)
			BeforeProcessingInitializeOnLoad (76ms)
			ProcessInitializeOnLoadAttributes (486ms)
			ProcessInitializeOnLoadMethodAttributes (35ms)
			AfterProcessingInitializeOnLoad (14ms)
			EditorAssembliesLoaded (0ms)
		ExecutionOrderSort2 (0ms)
		AwakeInstancesAfterBackupRestoration (10ms)
Launched and connected shader compiler UnityShaderCompiler.exe after 0.08 seconds
Refreshing native plugins compatible for Editor in 11.58 ms, found 3 plugins.
Preloading 0 native plugins for Editor in 0.00 ms.
Unloading 3159 Unused Serialized files (Serialized files now loaded: 0)
Unloading 37 unused Assets / (58.1 KB). Loaded Objects now: 3620.
Memory consumption went from 124.6 MB to 124.5 MB.
Total: 10.615800 ms (FindLiveObjects: 0.798100 ms CreateObjectMapping: 0.535100 ms MarkObjects: 8.764600 ms  DeleteObjects: 0.515200 ms)

AssetImportParameters requested are different than current active one (requested -> active):
  custom:container-demuxer-ogg: 62fdf1f143b41e24485cea50d1cbac27 -> 
  custom:video-codec-MediaFoundation-h265: 746d11721c4dcdbdad8f713fa42b33f4 -> 
  custom:video-decoder-ogg-theora: a1e56fd34408186e4bbccfd4996cb3dc -> 
  custom:framework-win-MediaFoundation: 216162199b28c13a410421893ffa2e32 -> 
  custom:CustomObjectIndexerAttribute: 9a22284fe3817be447336de3de66b15e -> 
  custom:container-demuxer-webm: 4f35f7cbe854078d1ac9338744f61a02 -> 
  custom:container-muxer-webm: aa71ff27fc2769a1b78a27578f13a17b -> 
  custom:video-decoder-webm-vp8: 9c59270c3fd7afecdb556c50c9e8de78 -> 
  custom:SearchIndexIgnoredProperties: e643bd26f0fe6173181afceb89e7c659 -> 
  custom:AudioImporter_EditorPlatform: d09bf68614088b80899f8185d706f6e7 -> 
  custom:video-encoder-webm-vp8: eb34c28f22e8b96e1ab97ce403110664 -> 
  custom:audio-decoder-ogg-vorbis: bf7c407c2cedff20999df2af8eb42d56 -> 
  custom:audio-encoder-webm-vorbis: bf7c407c2cedff20999df2af8eb42d56 -> 
========================================================================
Received Import Request.
  Time since last request: 11325.350922 seconds.
  path: Assets/assets/Unique Sequences/ciooking table000000.png
  artifactKey: Guid(182be9d25580ab043a9d10e085358782) Importer(2089858483,0ecaa5967403d082aa24f35e1b516d23)
Start importing Assets/assets/Unique Sequences/ciooking table000000.png using Guid(182be9d25580ab043a9d10e085358782) Importer(2089858483,0ecaa5967403d082aa24f35e1b516d23) [PhysX] Initialized MultithreadedTaskDispatcher with 16 workers.
 -> (artifact id: '8dfbd09005556e7b4f777babf5926b09') in 0.273688 seconds
Number of updated asset objects reloaded before import = 0
Number of asset objects unloaded after import = 3
========================================================================
Received Import Request.
  Time since last request: 0.000040 seconds.
  path: Assets/assets/Font/animeace2_ital.ttf
  artifactKey: Guid(38d2df5840096e441be023a658093fd9) Importer(2089858483,0ecaa5967403d082aa24f35e1b516d23)
Start importing Assets/assets/Font/animeace2_ital.ttf using Guid(38d2df5840096e441be023a658093fd9) Importer(2089858483,0ecaa5967403d082aa24f35e1b516d23) [PhysX] Initialized MultithreadedTaskDispatcher with 16 workers.
 -> (artifact id: '08f5da69b436645e220347eb74cb346e') in 0.023581 seconds
Number of updated asset objects reloaded before import = 0
Number of asset objects unloaded after import = 3
========================================================================
Received Import Request.
  Time since last request: 0.000040 seconds.
  path: Assets/assets/Sounds/fire.mp3
  artifactKey: Guid(883a2d7fb26a7dc4d9beac98b4e7fb06) Importer(2089858483,0ecaa5967403d082aa24f35e1b516d23)
Start importing Assets/assets/Sounds/fire.mp3 using Guid(883a2d7fb26a7dc4d9beac98b4e7fb06) Importer(2089858483,0ecaa5967403d082aa24f35e1b516d23) [PhysX] Initialized MultithreadedTaskDispatcher with 16 workers.
 -> (artifact id: 'ec6ace7a54d4f09ec1fd46a3e2322feb') in 0.040268 seconds
Number of updated asset objects reloaded before import = 0
Number of asset objects unloaded after import = 1
========================================================================
Received Import Request.
  Time since last request: 0.000028 seconds.
  path: Assets/assets/MainMenu/Main Menu Public.png
  artifactKey: Guid(b0dcdf2076c998548b7be17af10ae23c) Importer(2089858483,0ecaa5967403d082aa24f35e1b516d23)
Start importing Assets/assets/MainMenu/Main Menu Public.png using Guid(b0dcdf2076c998548b7be17af10ae23c) Importer(2089858483,0ecaa5967403d082aa24f35e1b516d23) [PhysX] Initialized MultithreadedTaskDispatcher with 16 workers.
 -> (artifact id: 'd2948a146ca96ea3327d534190b1cf02') in 0.015838 seconds
Number of updated asset objects reloaded before import = 0
Number of asset objects unloaded after import = 3
========================================================================
Received Import Request.
  Time since last request: 0.000026 seconds.
  path: Assets/assets/BGM/19. Valve Studio Orchestra - Robots!.flac
  artifactKey: Guid(f37497db42dfd2d479e5a8f1ed2421ed) Importer(2089858483,0ecaa5967403d082aa24f35e1b516d23)
Start importing Assets/assets/BGM/19. Valve Studio Orchestra - Robots!.flac using Guid(f37497db42dfd2d479e5a8f1ed2421ed) Importer(2089858483,0ecaa5967403d082aa24f35e1b516d23) [PhysX] Initialized MultithreadedTaskDispatcher with 16 workers.
 -> (artifact id: 'c8154bdf37a425ef9dd80f91e60f1e93') in 0.038614 seconds
Number of updated asset objects reloaded before import = 0
Number of asset objects unloaded after import = 1
========================================================================
Received Import Request.
  Time since last request: 0.000024 seconds.
  path: Assets/chichi.controller
  artifactKey: Guid(7125bb268af339b41961fbb0e5e6c734) Importer(2089858483,0ecaa5967403d082aa24f35e1b516d23)
Start importing Assets/chichi.controller using Guid(7125bb268af339b41961fbb0e5e6c734) Importer(2089858483,0ecaa5967403d082aa24f35e1b516d23) [PhysX] Initialized MultithreadedTaskDispatcher with 16 workers.
 -> (artifact id: '9579a3282a2fb85a5dcee24fb1b5a53b') in 0.015605 seconds
Number of updated asset objects reloaded before import = 0
Number of asset objects unloaded after import = 4
========================================================================
Received Import Request.
  Time since last request: 0.000025 seconds.
  path: Assets/assets/Sounds/jerry scream.mp3
  artifactKey: Guid(4623860bcc88472449636a64ce2cd289) Importer(2089858483,0ecaa5967403d082aa24f35e1b516d23)
Start importing Assets/assets/Sounds/jerry scream.mp3 using Guid(4623860bcc88472449636a64ce2cd289) Importer(2089858483,0ecaa5967403d082aa24f35e1b516d23) [PhysX] Initialized MultithreadedTaskDispatcher with 16 workers.
 -> (artifact id: '6717008d781c5aa33fab3242351325b4') in 0.038026 seconds
Number of updated asset objects reloaded before import = 0
Number of asset objects unloaded after import = 1
========================================================================
Received Import Request.
  Time since last request: 0.000024 seconds.
  path: Assets/assets/BGM/Valve Studio Orchestra - Mercenary Park.mp3
  artifactKey: Guid(a7d50b69999e1f34abdca0e753818e85) Importer(2089858483,0ecaa5967403d082aa24f35e1b516d23)
Start importing Assets/assets/BGM/Valve Studio Orchestra - Mercenary Park.mp3 using Guid(a7d50b69999e1f34abdca0e753818e85) Importer(2089858483,0ecaa5967403d082aa24f35e1b516d23) [PhysX] Initialized MultithreadedTaskDispatcher with 16 workers.
 -> (artifact id: '48293fac01a838ffa2d3acb02f4c5d1c') in 0.035719 seconds
Number of updated asset objects reloaded before import = 0
Number of asset objects unloaded after import = 1
========================================================================
Received Import Request.
  Time since last request: 0.000031 seconds.
  path: Assets/assets/BG/ManortransitionsceneBG000000.png
  artifactKey: Guid(9d6079c0ea0136c459bc6d49543eb76d) Importer(2089858483,0ecaa5967403d082aa24f35e1b516d23)
Start importing Assets/assets/BG/ManortransitionsceneBG000000.png using Guid(9d6079c0ea0136c459bc6d49543eb76d) Importer(2089858483,0ecaa5967403d082aa24f35e1b516d23) [PhysX] Initialized MultithreadedTaskDispatcher with 16 workers.
 -> (artifact id: 'bf15471220f21d7ab06fe0b64e161f24') in 0.019296 seconds
Number of updated asset objects reloaded before import = 0
Number of asset objects unloaded after import = 3
========================================================================
Received Import Request.
  Time since last request: 0.000026 seconds.
  path: Assets/assets/BG/BotInfestedManorBG000000.png
  artifactKey: Guid(599119a8dd29b7549895b27153ad3526) Importer(2089858483,0ecaa5967403d082aa24f35e1b516d23)
Start importing Assets/assets/BG/BotInfestedManorBG000000.png using Guid(599119a8dd29b7549895b27153ad3526) Importer(2089858483,0ecaa5967403d082aa24f35e1b516d23) [PhysX] Initialized MultithreadedTaskDispatcher with 16 workers.
 -> (artifact id: 'f5ded223e9a5dbf1903957388174e08e') in 0.016950 seconds
Number of updated asset objects reloaded before import = 0
Number of asset objects unloaded after import = 3
========================================================================
Received Import Request.
  Time since last request: 0.000038 seconds.
  path: Assets/assets/MainMenu/1. Main Theme.mp3
  artifactKey: Guid(2f9767621c4a9b946999b13368b62b7a) Importer(2089858483,0ecaa5967403d082aa24f35e1b516d23)
Start importing Assets/assets/MainMenu/1. Main Theme.mp3 using Guid(2f9767621c4a9b946999b13368b62b7a) Importer(2089858483,0ecaa5967403d082aa24f35e1b516d23) [PhysX] Initialized MultithreadedTaskDispatcher with 16 workers.
 -> (artifact id: '04c7666d6d753f27eadac9b90377d7f3') in 0.039037 seconds
Number of updated asset objects reloaded before import = 0
Number of asset objects unloaded after import = 1
========================================================================
Received Import Request.
  Time since last request: 0.000059 seconds.
  path: Assets/chichi.prefab
  artifactKey: Guid(4e42cac46773b9241b0fe44017901273) Importer(2089858483,0ecaa5967403d082aa24f35e1b516d23)
Start importing Assets/chichi.prefab using Guid(4e42cac46773b9241b0fe44017901273) Importer(2089858483,0ecaa5967403d082aa24f35e1b516d23) [PhysX] Initialized MultithreadedTaskDispatcher with 16 workers.
 -> (artifact id: '290b6e309ee3938f8daf01feb6a7f106') in 0.091772 seconds
Number of updated asset objects reloaded before import = 0
Number of asset objects unloaded after import = 13
========================================================================
Received Import Request.
  Time since last request: 0.000033 seconds.
  path: Assets/assets/Sounds/saxton punchhh.mp3
  artifactKey: Guid(d0754d141d28a4447a659b3f566d00be) Importer(2089858483,0ecaa5967403d082aa24f35e1b516d23)
Start importing Assets/assets/Sounds/saxton punchhh.mp3 using Guid(d0754d141d28a4447a659b3f566d00be) Importer(2089858483,0ecaa5967403d082aa24f35e1b516d23) [PhysX] Initialized MultithreadedTaskDispatcher with 16 workers.
 -> (artifact id: '6d976a6fbcb2985a9dba2895023b25a8') in 0.037865 seconds
Number of updated asset objects reloaded before import = 0
Number of asset objects unloaded after import = 1
========================================================================
Received Import Request.
  Time since last request: 0.000083 seconds.
  path: Assets/assets/Sounds/sizzle.mp3
  artifactKey: Guid(ef4564322443da8458a4cd3b6b383652) Importer(2089858483,0ecaa5967403d082aa24f35e1b516d23)
Start importing Assets/assets/Sounds/sizzle.mp3 using Guid(ef4564322443da8458a4cd3b6b383652) Importer(2089858483,0ecaa5967403d082aa24f35e1b516d23) [PhysX] Initialized MultithreadedTaskDispatcher with 16 workers.
 -> (artifact id: '57e94d8da49e6d0dfed273aa3b7fef0a') in 0.038382 seconds
Number of updated asset objects reloaded before import = 0
Number of asset objects unloaded after import = 1
========================================================================
Received Import Request.
  Time since last request: 0.000032 seconds.
  path: Assets/assets/Font/tf2build.ttf
  artifactKey: Guid(db8e10d49f4328341a6bba6354757f0b) Importer(2089858483,0ecaa5967403d082aa24f35e1b516d23)
Start importing Assets/assets/Font/tf2build.ttf using Guid(db8e10d49f4328341a6bba6354757f0b) Importer(2089858483,0ecaa5967403d082aa24f35e1b516d23) [PhysX] Initialized MultithreadedTaskDispatcher with 16 workers.
 -> (artifact id: '11a75849c680b8611f4afc813ca1ec6b') in 0.010137 seconds
Number of updated asset objects reloaded before import = 0
Number of asset objects unloaded after import = 3
========================================================================
Received Import Request.
  Time since last request: 0.000036 seconds.
  path: Assets/assets/Sounds/jump hale.mp3
  artifactKey: Guid(f5c0bf48b21fe284bb4982ed820fa2a5) Importer(2089858483,0ecaa5967403d082aa24f35e1b516d23)
Start importing Assets/assets/Sounds/jump hale.mp3 using Guid(f5c0bf48b21fe284bb4982ed820fa2a5) Importer(2089858483,0ecaa5967403d082aa24f35e1b516d23) [PhysX] Initialized MultithreadedTaskDispatcher with 16 workers.
 -> (artifact id: '471dbf40f377a2156aab6f1eec568acb') in 0.037233 seconds
Number of updated asset objects reloaded before import = 0
Number of asset objects unloaded after import = 1
========================================================================
Received Import Request.
  Time since last request: 0.000024 seconds.
  path: Assets/assets/GrayMann/graytalking-happymad2.png
  artifactKey: Guid(63dc16172b7f22c4a95cbb788c069c64) Importer(2089858483,0ecaa5967403d082aa24f35e1b516d23)
Start importing Assets/assets/GrayMann/graytalking-happymad2.png using Guid(63dc16172b7f22c4a95cbb788c069c64) Importer(2089858483,0ecaa5967403d082aa24f35e1b516d23) [PhysX] Initialized MultithreadedTaskDispatcher with 16 workers.
 -> (artifact id: 'f649c7cf72c5620de98502e1791b3b8b') in 0.018948 seconds
Number of updated asset objects reloaded before import = 0
Number of asset objects unloaded after import = 3
========================================================================
Received Import Request.
  Time since last request: 0.000043 seconds.
  path: Assets/TextMesh Pro/Shaders/TMPro.cginc
  artifactKey: Guid(407bc68d299748449bbf7f48ee690f8d) Importer(2089858483,0ecaa5967403d082aa24f35e1b516d23)
Start importing Assets/TextMesh Pro/Shaders/TMPro.cginc using Guid(407bc68d299748449bbf7f48ee690f8d) Importer(2089858483,0ecaa5967403d082aa24f35e1b516d23) [PhysX] Initialized MultithreadedTaskDispatcher with 16 workers.
 -> (artifact id: '30763953775f7c4d9f3b66793bdbc154') in 0.006282 seconds
Number of updated asset objects reloaded before import = 0
Number of asset objects unloaded after import = 1
========================================================================
Received Import Request.
  Time since last request: 0.000024 seconds.
  path: Assets/assets/Unique Sequences/Saxton punch1000000.png
  artifactKey: Guid(0d4c14ea202a2314ea9029adae104fe4) Importer(2089858483,0ecaa5967403d082aa24f35e1b516d23)
Start importing Assets/assets/Unique Sequences/Saxton punch1000000.png using Guid(0d4c14ea202a2314ea9029adae104fe4) Importer(2089858483,0ecaa5967403d082aa24f35e1b516d23) [PhysX] Initialized MultithreadedTaskDispatcher with 16 workers.
 -> (artifact id: 'b68a8984b3c100d46c41937169e1f5fa') in 0.021013 seconds
Number of updated asset objects reloaded before import = 0
Number of asset objects unloaded after import = 3
========================================================================
Received Import Request.
  Time since last request: 0.000037 seconds.
  path: Assets/assets/Unique Sequences/Saxton punchh000000.png
  artifactKey: Guid(8892d1700139a8f4f8379a14822903d2) Importer(2089858483,0ecaa5967403d082aa24f35e1b516d23)
Start importing Assets/assets/Unique Sequences/Saxton punchh000000.png using Guid(8892d1700139a8f4f8379a14822903d2) Importer(2089858483,0ecaa5967403d082aa24f35e1b516d23) [PhysX] Initialized MultithreadedTaskDispatcher with 16 workers.
 -> (artifact id: '5c9eeb091de5fd018794ec7a8040a8ad') in 0.016024 seconds
Number of updated asset objects reloaded before import = 0
Number of asset objects unloaded after import = 3
========================================================================
Received Import Request.
  Time since last request: 0.000036 seconds.
  path: Assets/assets/Unique Sequences/GrayPAIN3000000.png
  artifactKey: Guid(9f4ed02f585701543a9f41214b0aab3c) Importer(2089858483,0ecaa5967403d082aa24f35e1b516d23)
Start importing Assets/assets/Unique Sequences/GrayPAIN3000000.png using Guid(9f4ed02f585701543a9f41214b0aab3c) Importer(2089858483,0ecaa5967403d082aa24f35e1b516d23) [PhysX] Initialized MultithreadedTaskDispatcher with 16 workers.
 -> (artifact id: 'fb5edb9f0e6d3604a08101c115b2703f') in 0.020831 seconds
Number of updated asset objects reloaded before import = 0
Number of asset objects unloaded after import = 3
========================================================================
Received Import Request.
  Time since last request: 0.000049 seconds.
  path: Assets/TextMesh Pro/Shaders/TMP_SDF Overlay.shader
  artifactKey: Guid(dd89cf5b9246416f84610a006f916af7) Importer(2089858483,0ecaa5967403d082aa24f35e1b516d23)
Start importing Assets/TextMesh Pro/Shaders/TMP_SDF Overlay.shader using Guid(dd89cf5b9246416f84610a006f916af7) Importer(2089858483,0ecaa5967403d082aa24f35e1b516d23) [PhysX] Initialized MultithreadedTaskDispatcher with 16 workers.
 -> (artifact id: '5d60923a96343e0f1e27bbba48725c32') in 0.013033 seconds
Number of updated asset objects reloaded before import = 0
Number of asset objects unloaded after import = 1
========================================================================
Received Import Request.
  Time since last request: 0.000026 seconds.
  path: Assets/assets/Unique Sequences/OliviaFight000000.png
  artifactKey: Guid(829a2a106d809214f83fe67c45818f55) Importer(2089858483,0ecaa5967403d082aa24f35e1b516d23)
Start importing Assets/assets/Unique Sequences/OliviaFight000000.png using Guid(829a2a106d809214f83fe67c45818f55) Importer(2089858483,0ecaa5967403d082aa24f35e1b516d23) [PhysX] Initialized MultithreadedTaskDispatcher with 16 workers.
 -> (artifact id: '92a1f73702757ea8a8e98d0755df8308') in 0.019284 seconds
Number of updated asset objects reloaded before import = 0
Number of asset objects unloaded after import = 3
========================================================================
Received Import Request.
  Time since last request: 0.000045 seconds.
  path: Assets/TextMesh Pro/Shaders/TMP_SDF SSD.shader
  artifactKey: Guid(14eb328de4b8eb245bb7cea29e4ac00b) Importer(2089858483,0ecaa5967403d082aa24f35e1b516d23)
Start importing Assets/TextMesh Pro/Shaders/TMP_SDF SSD.shader using Guid(14eb328de4b8eb245bb7cea29e4ac00b) Importer(2089858483,0ecaa5967403d082aa24f35e1b516d23) [PhysX] Initialized MultithreadedTaskDispatcher with 16 workers.
 -> (artifact id: '3e5ac31de14ee50a3478441478b749f3') in 0.009069 seconds
Number of updated asset objects reloaded before import = 0
Number of asset objects unloaded after import = 1
========================================================================
Received Import Request.
  Time since last request: 0.000025 seconds.
  path: Assets/assets/Unique Sequences/OliviaFight6000000.png
  artifactKey: Guid(8a16c5a8532f0a64280b06efa2d6e0c5) Importer(2089858483,0ecaa5967403d082aa24f35e1b516d23)
Start importing Assets/assets/Unique Sequences/OliviaFight6000000.png using Guid(8a16c5a8532f0a64280b06efa2d6e0c5) Importer(2089858483,0ecaa5967403d082aa24f35e1b516d23) [PhysX] Initialized MultithreadedTaskDispatcher with 16 workers.
 -> (artifact id: '1232536fd229bb42b7d4ac93ba68b9da') in 0.018089 seconds
Number of updated asset objects reloaded before import = 0
Number of asset objects unloaded after import = 3
========================================================================
Received Import Request.
  Time since last request: 0.000049 seconds.
  path: Assets/assets/PageManager.cs
  artifactKey: Guid(c7a06dca64f76d543b1e90b5a96f60ec) Importer(2089858483,0ecaa5967403d082aa24f35e1b516d23)
Start importing Assets/assets/PageManager.cs using Guid(c7a06dca64f76d543b1e90b5a96f60ec) Importer(2089858483,0ecaa5967403d082aa24f35e1b516d23) [PhysX] Initialized MultithreadedTaskDispatcher with 16 workers.
 -> (artifact id: '0f11f4c6c3f78cd8aa2c4416915b7e56') in 0.009397 seconds
Number of updated asset objects reloaded before import = 0
Number of asset objects unloaded after import = 1
========================================================================
Received Import Request.
  Time since last request: 0.000024 seconds.
  path: Assets/veronica-rufo-storageroom-01.jpg
  artifactKey: Guid(ab8fb46ccdbc2f548839646fcd2f4035) Importer(2089858483,0ecaa5967403d082aa24f35e1b516d23)
Start importing Assets/veronica-rufo-storageroom-01.jpg using Guid(ab8fb46ccdbc2f548839646fcd2f4035) Importer(2089858483,0ecaa5967403d082aa24f35e1b516d23) [PhysX] Initialized MultithreadedTaskDispatcher with 16 workers.
 -> (artifact id: '8fa89d11867979a913fc600f22d832c0') in 0.020111 seconds
Number of updated asset objects reloaded before import = 0
Number of asset objects unloaded after import = 3
========================================================================
Received Import Request.
  Time since last request: 0.000039 seconds.
  path: Assets/assets/Unique Sequences/GrayPAIN2000000.png
  artifactKey: Guid(948d2b4bd0b1d864aa3c64e77675c402) Importer(2089858483,0ecaa5967403d082aa24f35e1b516d23)
Start importing Assets/assets/Unique Sequences/GrayPAIN2000000.png using Guid(948d2b4bd0b1d864aa3c64e77675c402) Importer(2089858483,0ecaa5967403d082aa24f35e1b516d23) [PhysX] Initialized MultithreadedTaskDispatcher with 16 workers.
 -> (artifact id: '4628e72d8f8ec7eff12d49050f37e949') in 0.017788 seconds
Number of updated asset objects reloaded before import = 0
Number of asset objects unloaded after import = 3
========================================================================
Received Import Request.
  Time since last request: 0.000050 seconds.
  path: Assets/assets/Talkbox/Choice_R.png
  artifactKey: Guid(018398ed6abcf7848ad93de789250ac1) Importer(2089858483,0ecaa5967403d082aa24f35e1b516d23)
Start importing Assets/assets/Talkbox/Choice_R.png using Guid(018398ed6abcf7848ad93de789250ac1) Importer(2089858483,0ecaa5967403d082aa24f35e1b516d23) [PhysX] Initialized MultithreadedTaskDispatcher with 16 workers.
 -> (artifact id: '3a6dd8cc6a891190fc1e79e758ce8c0e') in 0.022737 seconds
Number of updated asset objects reloaded before import = 0
Number of asset objects unloaded after import = 3
========================================================================
Received Import Request.
  Time since last request: 0.000033 seconds.
  path: Assets/assets/Sounds/Crit_hit.wav
  artifactKey: Guid(09d44111ae3a1ac4bb4063122f7cba09) Importer(2089858483,0ecaa5967403d082aa24f35e1b516d23)
Start importing Assets/assets/Sounds/Crit_hit.wav using Guid(09d44111ae3a1ac4bb4063122f7cba09) Importer(2089858483,0ecaa5967403d082aa24f35e1b516d23) [PhysX] Initialized MultithreadedTaskDispatcher with 16 workers.
 -> (artifact id: '0dd3a230c7a70a40dfbc80f69fa92244') in 0.043815 seconds
Number of updated asset objects reloaded before import = 0
Number of asset objects unloaded after import = 1
========================================================================
Received Import Request.
  Time since last request: 0.000053 seconds.
  path: Assets/assets/BG/ManoryetiBG000000.png
  artifactKey: Guid(bb74f20d7e862eb4c8b1032e1e1839d4) Importer(2089858483,0ecaa5967403d082aa24f35e1b516d23)
Start importing Assets/assets/BG/ManoryetiBG000000.png using Guid(bb74f20d7e862eb4c8b1032e1e1839d4) Importer(2089858483,0ecaa5967403d082aa24f35e1b516d23) [PhysX] Initialized MultithreadedTaskDispatcher with 16 workers.
 -> (artifact id: '6dd4adfa348f86b1ec28427ab5f8042a') in 0.030098 seconds
Number of updated asset objects reloaded before import = 0
Number of asset objects unloaded after import = 3
========================================================================
Received Import Request.
  Time since last request: 0.000062 seconds.
  path: Assets/assets/Unique Sequences/Saxton Escape.png
  artifactKey: Guid(352e07cae6240d2459e1093eaa7fff2e) Importer(2089858483,0ecaa5967403d082aa24f35e1b516d23)
Start importing Assets/assets/Unique Sequences/Saxton Escape.png using Guid(352e07cae6240d2459e1093eaa7fff2e) Importer(2089858483,0ecaa5967403d082aa24f35e1b516d23) [PhysX] Initialized MultithreadedTaskDispatcher with 16 workers.
 -> (artifact id: '423a8fd8d53bc9769e8cae1c845f068f') in 0.021215 seconds
Number of updated asset objects reloaded before import = 0
Number of asset objects unloaded after import = 3
========================================================================
Received Import Request.
  Time since last request: 37.706281 seconds.
  path: Assets/assets/Game Logo.png
  artifactKey: Guid(aca0ba5cc7644c647b5e5e1a3b844a85) Importer(815301076,1909f56bfc062723c751e8b465ee728b)
Start importing Assets/assets/Game Logo.png using Guid(aca0ba5cc7644c647b5e5e1a3b844a85) Importer(815301076,1909f56bfc062723c751e8b465ee728b) [PhysX] Initialized MultithreadedTaskDispatcher with 16 workers.
[PhysX] Initialized MultithreadedTaskDispatcher with 16 workers.
 -> (artifact id: '5a8261634192426a2482f7f87cb4d10e') in 0.052381 seconds
Number of updated asset objects reloaded before import = 0
Number of asset objects unloaded after import = 2
========================================================================
Received Import Request.
  Time since last request: 0.935956 seconds.
  path: Assets/assets/Game Logo.png
  artifactKey: Guid(aca0ba5cc7644c647b5e5e1a3b844a85) Importer(2089858483,0ecaa5967403d082aa24f35e1b516d23)
Start importing Assets/assets/Game Logo.png using Guid(aca0ba5cc7644c647b5e5e1a3b844a85) Importer(2089858483,0ecaa5967403d082aa24f35e1b516d23) [PhysX] Initialized MultithreadedTaskDispatcher with 16 workers.
 -> (artifact id: 'fa746cf94d198f3ad987af7263c51602') in 0.013311 seconds
Number of updated asset objects reloaded before import = 0
Number of asset objects unloaded after import = 1
========================================================================
Received Prepare
Refreshing native plugins compatible for Editor in 11.27 ms, found 3 plugins.
Preloading 0 native plugins for Editor in 0.00 ms.
Unloading 0 Unused Serialized files (Serialized files now loaded: 0)
Unloading 1 unused Assets / (0.9 KB). Loaded Objects now: 3624.
Memory consumption went from 72.1 MB to 72.1 MB.
Total: 8.339300 ms (FindLiveObjects: 0.589700 ms CreateObjectMapping: 0.229000 ms MarkObjects: 7.472200 ms  DeleteObjects: 0.047000 ms)

Prepare: number of updated asset objects reloaded= 0
AssetImportParameters requested are different than current active one (requested -> active):
  custom:container-demuxer-ogg: 62fdf1f143b41e24485cea50d1cbac27 -> 
  custom:video-codec-MediaFoundation-h265: 746d11721c4dcdbdad8f713fa42b33f4 -> 
  custom:video-decoder-ogg-theora: a1e56fd34408186e4bbccfd4996cb3dc -> 
  custom:framework-win-MediaFoundation: 216162199b28c13a410421893ffa2e32 -> 
  custom:CustomObjectIndexerAttribute: 9a22284fe3817be447336de3de66b15e -> 
  custom:container-demuxer-webm: 4f35f7cbe854078d1ac9338744f61a02 -> 
  custom:container-muxer-webm: aa71ff27fc2769a1b78a27578f13a17b -> 
  custom:video-decoder-webm-vp8: 9c59270c3fd7afecdb556c50c9e8de78 -> 
  custom:SearchIndexIgnoredProperties: e643bd26f0fe6173181afceb89e7c659 -> 
  custom:AudioImporter_EditorPlatform: d09bf68614088b80899f8185d706f6e7 -> 
  custom:video-encoder-webm-vp8: eb34c28f22e8b96e1ab97ce403110664 -> 
  custom:audio-decoder-ogg-vorbis: bf7c407c2cedff20999df2af8eb42d56 -> 
  custom:audio-encoder-webm-vorbis: bf7c407c2cedff20999df2af8eb42d56 -> 
