Using pre-set license
Built from '2022.3/staging' branch; Version is '2022.3.34f1 (4886f5360533) revision 4753141'; Using compiler version '192829333'; Build Type 'Release'
OS: 'Windows 11  (10.0.22631) 64bit CoreSingleLanguage' Language: 'en' Physical Memory: 15790 MB
BatchMode: 1, IsHumanControllingUs: 0, StartBugReporterOnCrash: 0, Is64bit: 1, IsPro: 1

COMMAND LINE ARGUMENTS:
C:\Program Files\Unity\Hub\Editor\2022.3.34f1\Editor\Unity.exe
-adb2
-batchMode
-noUpm
-name
AssetImportWorker3
-projectPath
C:/Users/jenifer toledo/Documents/GitHub/Visual-Novel_QA_Toledo/Visual novel
-logFile
Logs/AssetImportWorker3.log
-srvPort
55297
Successfully changed project path to: C:/Users/jenifer toledo/Documents/GitHub/Visual-Novel_QA_Toledo/Visual novel
C:/Users/jenifer toledo/Documents/GitHub/Visual-Novel_QA_Toledo/Visual novel
[UnityMemory] Configuration Parameters - Can be set up in boot.config
    "memorysetup-bucket-allocator-granularity=16"
    "memorysetup-bucket-allocator-bucket-count=8"
    "memorysetup-bucket-allocator-block-size=33554432"
    "memorysetup-bucket-allocator-block-count=8"
    "memorysetup-main-allocator-block-size=16777216"
    "memorysetup-thread-allocator-block-size=16777216"
    "memorysetup-gfx-main-allocator-block-size=16777216"
    "memorysetup-gfx-thread-allocator-block-size=16777216"
    "memorysetup-cache-allocator-block-size=4194304"
    "memorysetup-typetree-allocator-block-size=2097152"
    "memorysetup-profiler-bucket-allocator-granularity=16"
    "memorysetup-profiler-bucket-allocator-bucket-count=8"
    "memorysetup-profiler-bucket-allocator-block-size=33554432"
    "memorysetup-profiler-bucket-allocator-block-count=8"
    "memorysetup-profiler-allocator-block-size=16777216"
    "memorysetup-profiler-editor-allocator-block-size=1048576"
    "memorysetup-temp-allocator-size-main=16777216"
    "memorysetup-job-temp-allocator-block-size=2097152"
    "memorysetup-job-temp-allocator-block-size-background=1048576"
    "memorysetup-job-temp-allocator-reduction-small-platforms=262144"
    "memorysetup-allocator-temp-initial-block-size-main=262144"
    "memorysetup-allocator-temp-initial-block-size-worker=262144"
    "memorysetup-temp-allocator-size-background-worker=32768"
    "memorysetup-temp-allocator-size-job-worker=262144"
    "memorysetup-temp-allocator-size-preload-manager=33554432"
    "memorysetup-temp-allocator-size-nav-mesh-worker=65536"
    "memorysetup-temp-allocator-size-audio-worker=65536"
    "memorysetup-temp-allocator-size-cloud-worker=32768"
    "memorysetup-temp-allocator-size-gi-baking-worker=262144"
    "memorysetup-temp-allocator-size-gfx=262144"
Player connection [3064] Host "[IP] 192.168.1.5 [Port] 0 [Flags] 2 [Guid] 2364409375 [EditorId] 2364409375 [Version] 1048832 [Id] WindowsEditor(7,LAPTOP-HC5F5T2U) [Debug] 1 [PackageName] WindowsEditor [ProjectName] Editor" joined multi-casting on [225.0.0.222:54997]...

Player connection [3064] Host "[IP] 192.168.1.5 [Port] 0 [Flags] 2 [Guid] 2364409375 [EditorId] 2364409375 [Version] 1048832 [Id] WindowsEditor(7,LAPTOP-HC5F5T2U) [Debug] 1 [PackageName] WindowsEditor [ProjectName] Editor" joined alternative multi-casting on [225.0.0.222:34997]...

[PhysX] Initialized MultithreadedTaskDispatcher with 16 workers.
Refreshing native plugins compatible for Editor in 12.25 ms, found 3 plugins.
Preloading 0 native plugins for Editor in 0.00 ms.
Initialize engine version: 2022.3.34f1 (4886f5360533)
[Subsystems] Discovering subsystems at path C:/Program Files/Unity/Hub/Editor/2022.3.34f1/Editor/Data/Resources/UnitySubsystems
[Subsystems] Discovering subsystems at path C:/Users/jenifer toledo/Documents/GitHub/Visual-Novel_QA_Toledo/Visual novel/Assets
GfxDevice: creating device client; threaded=0; jobified=0
Direct3D:
    Version:  Direct3D 11.0 [level 11.1]
    Renderer: NVIDIA GeForce RTX 3050 Laptop GPU (ID=0x25a2)
    Vendor:   NVIDIA
    VRAM:     3964 MB
    Driver:   32.0.15.7216
Initialize mono
Mono path[0] = 'C:/Program Files/Unity/Hub/Editor/2022.3.34f1/Editor/Data/Managed'
Mono path[1] = 'C:/Program Files/Unity/Hub/Editor/2022.3.34f1/Editor/Data/MonoBleedingEdge/lib/mono/unityjit-win32'
Mono config path = 'C:/Program Files/Unity/Hub/Editor/2022.3.34f1/Editor/Data/MonoBleedingEdge/etc'
Using monoOptions --debugger-agent=transport=dt_socket,embedding=1,server=y,suspend=n,address=127.0.0.1:56088
Begin MonoManager ReloadAssembly
Registering precompiled unity dll's ...
Register platform support module: C:/Program Files/Unity/Hub/Editor/2022.3.34f1/Editor/Data/PlaybackEngines/WindowsStandaloneSupport/UnityEditor.WindowsStandalone.Extensions.dll
Registered in 0.010973 seconds.
- Loaded All Assemblies, in  0.461 seconds
Native extension for WindowsStandalone target not found
Mono: successfully reloaded assembly
- Finished resetting the current domain, in  0.369 seconds
Domain Reload Profiling: 828ms
	BeginReloadAssembly (143ms)
		ExecutionOrderSort (0ms)
		DisableScriptedObjects (0ms)
		BackupInstance (0ms)
		ReleaseScriptingObjects (0ms)
		CreateAndSetChildDomain (1ms)
	RebuildCommonClasses (40ms)
	RebuildNativeTypeToScriptingClass (11ms)
	initialDomainReloadingComplete (83ms)
	LoadAllAssembliesAndSetupDomain (182ms)
		LoadAssemblies (140ms)
		RebuildTransferFunctionScriptingTraits (0ms)
		AnalyzeDomain (180ms)
			TypeCache.Refresh (177ms)
				TypeCache.ScanAssembly (158ms)
			ScanForSourceGeneratedMonoScriptInfo (1ms)
			ResolveRequiredComponents (1ms)
	FinalizeReload (369ms)
		ReleaseScriptCaches (0ms)
		RebuildScriptCaches (0ms)
		SetupLoadedEditorAssemblies (295ms)
			LogAssemblyErrors (0ms)
			InitializePlatformSupportModulesInManaged (12ms)
			SetLoadedEditorAssemblies (10ms)
			RefreshPlugins (0ms)
			BeforeProcessingInitializeOnLoad (4ms)
			ProcessInitializeOnLoadAttributes (206ms)
			ProcessInitializeOnLoadMethodAttributes (64ms)
			AfterProcessingInitializeOnLoad (0ms)
			EditorAssembliesLoaded (0ms)
		ExecutionOrderSort2 (0ms)
		AwakeInstancesAfterBackupRestoration (0ms)
========================================================================
Worker process is ready to serve import requests
Begin MonoManager ReloadAssembly
- Loaded All Assemblies, in  0.974 seconds
Refreshing native plugins compatible for Editor in 4.92 ms, found 3 plugins.
Native extension for WindowsStandalone target not found
Mono: successfully reloaded assembly
- Finished resetting the current domain, in  0.822 seconds
Domain Reload Profiling: 1793ms
	BeginReloadAssembly (227ms)
		ExecutionOrderSort (0ms)
		DisableScriptedObjects (9ms)
		BackupInstance (0ms)
		ReleaseScriptingObjects (0ms)
		CreateAndSetChildDomain (46ms)
	RebuildCommonClasses (41ms)
	RebuildNativeTypeToScriptingClass (11ms)
	initialDomainReloadingComplete (64ms)
	LoadAllAssembliesAndSetupDomain (625ms)
		LoadAssemblies (489ms)
		RebuildTransferFunctionScriptingTraits (0ms)
		AnalyzeDomain (252ms)
			TypeCache.Refresh (222ms)
				TypeCache.ScanAssembly (201ms)
			ScanForSourceGeneratedMonoScriptInfo (20ms)
			ResolveRequiredComponents (8ms)
	FinalizeReload (824ms)
		ReleaseScriptCaches (0ms)
		RebuildScriptCaches (0ms)
		SetupLoadedEditorAssemblies (611ms)
			LogAssemblyErrors (0ms)
			InitializePlatformSupportModulesInManaged (9ms)
			SetLoadedEditorAssemblies (5ms)
			RefreshPlugins (0ms)
			BeforeProcessingInitializeOnLoad (74ms)
			ProcessInitializeOnLoadAttributes (475ms)
			ProcessInitializeOnLoadMethodAttributes (31ms)
			AfterProcessingInitializeOnLoad (17ms)
			EditorAssembliesLoaded (0ms)
		ExecutionOrderSort2 (0ms)
		AwakeInstancesAfterBackupRestoration (13ms)
Launched and connected shader compiler UnityShaderCompiler.exe after 0.09 seconds
Refreshing native plugins compatible for Editor in 12.71 ms, found 3 plugins.
Preloading 0 native plugins for Editor in 0.00 ms.
Unloading 3159 Unused Serialized files (Serialized files now loaded: 0)
Unloading 37 unused Assets / (57.7 KB). Loaded Objects now: 3620.
Memory consumption went from 124.6 MB to 124.5 MB.
Total: 9.202200 ms (FindLiveObjects: 1.165900 ms CreateObjectMapping: 0.548000 ms MarkObjects: 7.225900 ms  DeleteObjects: 0.259800 ms)

AssetImportParameters requested are different than current active one (requested -> active):
  custom:container-demuxer-ogg: 62fdf1f143b41e24485cea50d1cbac27 -> 
  custom:video-codec-MediaFoundation-h265: 746d11721c4dcdbdad8f713fa42b33f4 -> 
  custom:video-decoder-ogg-theora: a1e56fd34408186e4bbccfd4996cb3dc -> 
  custom:framework-win-MediaFoundation: 216162199b28c13a410421893ffa2e32 -> 
  custom:CustomObjectIndexerAttribute: 9a22284fe3817be447336de3de66b15e -> 
  custom:container-demuxer-webm: 4f35f7cbe854078d1ac9338744f61a02 -> 
  custom:container-muxer-webm: aa71ff27fc2769a1b78a27578f13a17b -> 
  custom:video-decoder-webm-vp8: 9c59270c3fd7afecdb556c50c9e8de78 -> 
  custom:SearchIndexIgnoredProperties: e643bd26f0fe6173181afceb89e7c659 -> 
  custom:AudioImporter_EditorPlatform: d09bf68614088b80899f8185d706f6e7 -> 
  custom:video-encoder-webm-vp8: eb34c28f22e8b96e1ab97ce403110664 -> 
  custom:audio-decoder-ogg-vorbis: bf7c407c2cedff20999df2af8eb42d56 -> 
  custom:audio-encoder-webm-vorbis: bf7c407c2cedff20999df2af8eb42d56 -> 
========================================================================
Received Import Request.
  Time since last request: 11325.405022 seconds.
  path: Assets/assets/Pilot/Pilot-Neutral.png
  artifactKey: Guid(506cf297766927d47a938dafca046e9b) Importer(2089858483,0ecaa5967403d082aa24f35e1b516d23)
Start importing Assets/assets/Pilot/Pilot-Neutral.png using Guid(506cf297766927d47a938dafca046e9b) Importer(2089858483,0ecaa5967403d082aa24f35e1b516d23) [PhysX] Initialized MultithreadedTaskDispatcher with 16 workers.
 -> (artifact id: '4d9c57df46f61648111d6d66d525aa92') in 0.220661 seconds
Number of updated asset objects reloaded before import = 0
Number of asset objects unloaded after import = 3
========================================================================
Received Import Request.
  Time since last request: 0.000053 seconds.
  path: Assets/assets/BG/ending1000000.png
  artifactKey: Guid(9d3838109fc059f4c9145781b2db5878) Importer(2089858483,0ecaa5967403d082aa24f35e1b516d23)
Start importing Assets/assets/BG/ending1000000.png using Guid(9d3838109fc059f4c9145781b2db5878) Importer(2089858483,0ecaa5967403d082aa24f35e1b516d23) [PhysX] Initialized MultithreadedTaskDispatcher with 16 workers.
 -> (artifact id: '4f26088ff2fb9bf1949c3f9b10dabd21') in 0.023501 seconds
Number of updated asset objects reloaded before import = 0
Number of asset objects unloaded after import = 3
========================================================================
Received Import Request.
  Time since last request: 0.000035 seconds.
  path: Assets/assets/BGM/Valve Studio Orchestra - Red Bread.wav
  artifactKey: Guid(10f681b82bef49b42ad50b4a6f2acef5) Importer(2089858483,0ecaa5967403d082aa24f35e1b516d23)
Start importing Assets/assets/BGM/Valve Studio Orchestra - Red Bread.wav using Guid(10f681b82bef49b42ad50b4a6f2acef5) Importer(2089858483,0ecaa5967403d082aa24f35e1b516d23) [PhysX] Initialized MultithreadedTaskDispatcher with 16 workers.
 -> (artifact id: '83a6c2a7663331e03b1976009aef4b7b') in 0.046583 seconds
Number of updated asset objects reloaded before import = 0
Number of asset objects unloaded after import = 1
========================================================================
Received Import Request.
  Time since last request: 0.000037 seconds.
  path: Assets/assets/BG/background000000.png
  artifactKey: Guid(32c144c14214e364593d53f9527ad84c) Importer(2089858483,0ecaa5967403d082aa24f35e1b516d23)
Start importing Assets/assets/BG/background000000.png using Guid(32c144c14214e364593d53f9527ad84c) Importer(2089858483,0ecaa5967403d082aa24f35e1b516d23) [PhysX] Initialized MultithreadedTaskDispatcher with 16 workers.
 -> (artifact id: '853f5194177193c390d354089f3bf2c1') in 0.013471 seconds
Number of updated asset objects reloaded before import = 0
Number of asset objects unloaded after import = 3
========================================================================
Received Import Request.
  Time since last request: 0.000041 seconds.
  path: Assets/assets/Font/tf2build SDF.asset
  artifactKey: Guid(70ff397a0d3ea1940bf29384c0209703) Importer(2089858483,0ecaa5967403d082aa24f35e1b516d23)
Start importing Assets/assets/Font/tf2build SDF.asset using Guid(70ff397a0d3ea1940bf29384c0209703) Importer(2089858483,0ecaa5967403d082aa24f35e1b516d23) [PhysX] Initialized MultithreadedTaskDispatcher with 16 workers.
 -> (artifact id: '9ccfa8b45d5a1be122298a648e71b05b') in 0.078222 seconds
Number of updated asset objects reloaded before import = 0
Number of asset objects unloaded after import = 5
========================================================================
Received Import Request.
  Time since last request: 0.000026 seconds.
  path: Assets/assets/BGM/Valve Studio Orchestra - Three Days to Live.mp3
  artifactKey: Guid(50c0ebcc822d1bc48af3dae1eb51c98a) Importer(2089858483,0ecaa5967403d082aa24f35e1b516d23)
Start importing Assets/assets/BGM/Valve Studio Orchestra - Three Days to Live.mp3 using Guid(50c0ebcc822d1bc48af3dae1eb51c98a) Importer(2089858483,0ecaa5967403d082aa24f35e1b516d23) [PhysX] Initialized MultithreadedTaskDispatcher with 16 workers.
 -> (artifact id: '93cab4c77b48bdd83add37cf101e458d') in 0.035727 seconds
Number of updated asset objects reloaded before import = 0
Number of asset objects unloaded after import = 1
========================================================================
Received Import Request.
  Time since last request: 0.000025 seconds.
  path: Assets/assets/Olivia/Olivia-Talking3.png
  artifactKey: Guid(10a3947c97c1b4040b3e296966c5b2fd) Importer(2089858483,0ecaa5967403d082aa24f35e1b516d23)
Start importing Assets/assets/Olivia/Olivia-Talking3.png using Guid(10a3947c97c1b4040b3e296966c5b2fd) Importer(2089858483,0ecaa5967403d082aa24f35e1b516d23) [PhysX] Initialized MultithreadedTaskDispatcher with 16 workers.
 -> (artifact id: '07df84839e4815827d0fc19d21205301') in 0.015015 seconds
Number of updated asset objects reloaded before import = 0
Number of asset objects unloaded after import = 3
========================================================================
Received Import Request.
  Time since last request: 0.000033 seconds.
  path: Assets/assets/Sounds/Saxton_Hale_rage_04.mp3
  artifactKey: Guid(7c35d5651539a3a488caa718620fed6e) Importer(2089858483,0ecaa5967403d082aa24f35e1b516d23)
Start importing Assets/assets/Sounds/Saxton_Hale_rage_04.mp3 using Guid(7c35d5651539a3a488caa718620fed6e) Importer(2089858483,0ecaa5967403d082aa24f35e1b516d23) [PhysX] Initialized MultithreadedTaskDispatcher with 16 workers.
 -> (artifact id: '2465d131b18a92f8d47f4df6b3a29617') in 0.022943 seconds
Number of updated asset objects reloaded before import = 0
Number of asset objects unloaded after import = 1
========================================================================
Received Import Request.
  Time since last request: 0.000035 seconds.
  path: Assets/assets/Font/animeace2_bld SDF.asset
  artifactKey: Guid(a0aa0167444cc12458f9a25a4e61c3a7) Importer(2089858483,0ecaa5967403d082aa24f35e1b516d23)
Start importing Assets/assets/Font/animeace2_bld SDF.asset using Guid(a0aa0167444cc12458f9a25a4e61c3a7) Importer(2089858483,0ecaa5967403d082aa24f35e1b516d23) [PhysX] Initialized MultithreadedTaskDispatcher with 16 workers.
 -> (artifact id: '1f3400c63ac223c13d20db0be91fe3cc') in 0.021703 seconds
Number of updated asset objects reloaded before import = 0
Number of asset objects unloaded after import = 5
========================================================================
Received Import Request.
  Time since last request: 0.000039 seconds.
  path: Assets/assets/BGM/Valve Studio Orchestra - Right Behind You.mp3
  artifactKey: Guid(7c8e5e4983a952242a41ba681c0adaab) Importer(2089858483,0ecaa5967403d082aa24f35e1b516d23)
Start importing Assets/assets/BGM/Valve Studio Orchestra - Right Behind You.mp3 using Guid(7c8e5e4983a952242a41ba681c0adaab) Importer(2089858483,0ecaa5967403d082aa24f35e1b516d23) [PhysX] Initialized MultithreadedTaskDispatcher with 16 workers.
 -> (artifact id: '4629e197427db890cfc37350321e2d3b') in 0.042368 seconds
Number of updated asset objects reloaded before import = 0
Number of asset objects unloaded after import = 1
========================================================================
Received Import Request.
  Time since last request: 0.000051 seconds.
  path: Assets/assets/SaxtonH/Saxton-Neutral.png
  artifactKey: Guid(e0929ab38f7b00a4baf0ceaf12065fae) Importer(2089858483,0ecaa5967403d082aa24f35e1b516d23)
Start importing Assets/assets/SaxtonH/Saxton-Neutral.png using Guid(e0929ab38f7b00a4baf0ceaf12065fae) Importer(2089858483,0ecaa5967403d082aa24f35e1b516d23) [PhysX] Initialized MultithreadedTaskDispatcher with 16 workers.
 -> (artifact id: 'd601ffafbbd9c13c487f882bc81123c3') in 0.021471 seconds
Number of updated asset objects reloaded before import = 0
Number of asset objects unloaded after import = 3
========================================================================
Received Import Request.
  Time since last request: 0.000019 seconds.
  path: Assets/assets/Talkbox/Textbox-R.png
  artifactKey: Guid(9e02f64e00f854d4b9bd1a89649367d7) Importer(2089858483,0ecaa5967403d082aa24f35e1b516d23)
Start importing Assets/assets/Talkbox/Textbox-R.png using Guid(9e02f64e00f854d4b9bd1a89649367d7) Importer(2089858483,0ecaa5967403d082aa24f35e1b516d23) [PhysX] Initialized MultithreadedTaskDispatcher with 16 workers.
 -> (artifact id: '661cc45abef9b1c4cbd9a3be9de00b5a') in 0.017353 seconds
Number of updated asset objects reloaded before import = 0
Number of asset objects unloaded after import = 3
========================================================================
Received Import Request.
  Time since last request: 0.000024 seconds.
  path: Assets/assets/Unique Sequences/choke000000.png
  artifactKey: Guid(a87f631a5eda433408b9cb3cf6db5f1e) Importer(2089858483,0ecaa5967403d082aa24f35e1b516d23)
Start importing Assets/assets/Unique Sequences/choke000000.png using Guid(a87f631a5eda433408b9cb3cf6db5f1e) Importer(2089858483,0ecaa5967403d082aa24f35e1b516d23) [PhysX] Initialized MultithreadedTaskDispatcher with 16 workers.
 -> (artifact id: '63dced4d52b153f4ad784d5c7ebb288e') in 0.016763 seconds
Number of updated asset objects reloaded before import = 0
Number of asset objects unloaded after import = 3
========================================================================
Received Import Request.
  Time since last request: 0.000047 seconds.
  path: Assets/assets/BG/ManorBG000000.png
  artifactKey: Guid(46250a45de78c1348992952c0a67236e) Importer(2089858483,0ecaa5967403d082aa24f35e1b516d23)
Start importing Assets/assets/BG/ManorBG000000.png using Guid(46250a45de78c1348992952c0a67236e) Importer(2089858483,0ecaa5967403d082aa24f35e1b516d23) [PhysX] Initialized MultithreadedTaskDispatcher with 16 workers.
 -> (artifact id: '65ceee463c2564eb8394ae5d99d146aa') in 0.018119 seconds
Number of updated asset objects reloaded before import = 0
Number of asset objects unloaded after import = 3
========================================================================
Received Import Request.
  Time since last request: 0.000096 seconds.
  path: Assets/assets/Sounds/Shock.wav
  artifactKey: Guid(a8399e4b2cc79224dac3fbb48b0d172f) Importer(2089858483,0ecaa5967403d082aa24f35e1b516d23)
Start importing Assets/assets/Sounds/Shock.wav using Guid(a8399e4b2cc79224dac3fbb48b0d172f) Importer(2089858483,0ecaa5967403d082aa24f35e1b516d23) [PhysX] Initialized MultithreadedTaskDispatcher with 16 workers.
 -> (artifact id: 'e5afc5475de74f5886ea5f70c485abb8') in 0.039670 seconds
Number of updated asset objects reloaded before import = 0
Number of asset objects unloaded after import = 1
========================================================================
Received Import Request.
  Time since last request: 0.000042 seconds.
  path: Assets/d9z8kwo-4c1d9ebd-97da-43c1-b21c-7a6da17e2062.png
  artifactKey: Guid(26f3dc139e61873469efaf16b7861e3c) Importer(2089858483,0ecaa5967403d082aa24f35e1b516d23)
Start importing Assets/d9z8kwo-4c1d9ebd-97da-43c1-b21c-7a6da17e2062.png using Guid(26f3dc139e61873469efaf16b7861e3c) Importer(2089858483,0ecaa5967403d082aa24f35e1b516d23) [PhysX] Initialized MultithreadedTaskDispatcher with 16 workers.
 -> (artifact id: '6f1d60f9301bb4959f7d21ee491ef984') in 0.016811 seconds
Number of updated asset objects reloaded before import = 0
Number of asset objects unloaded after import = 3
========================================================================
Received Import Request.
  Time since last request: 0.000039 seconds.
  path: Assets/assets/SaxtonH/Saxton-AngryTalk.png
  artifactKey: Guid(892adcff64770284a9d2d13555d00166) Importer(2089858483,0ecaa5967403d082aa24f35e1b516d23)
Start importing Assets/assets/SaxtonH/Saxton-AngryTalk.png using Guid(892adcff64770284a9d2d13555d00166) Importer(2089858483,0ecaa5967403d082aa24f35e1b516d23) [PhysX] Initialized MultithreadedTaskDispatcher with 16 workers.
 -> (artifact id: 'a0e01816d23d79df50d5f30b5a164844') in 0.018668 seconds
Number of updated asset objects reloaded before import = 0
Number of asset objects unloaded after import = 3
========================================================================
Received Import Request.
  Time since last request: 0.000018 seconds.
  path: Assets/assets/SaxtonH/Saxton-SadTalk.png
  artifactKey: Guid(9d1d4b2bdbea98344986204f10f4e5bf) Importer(2089858483,0ecaa5967403d082aa24f35e1b516d23)
Start importing Assets/assets/SaxtonH/Saxton-SadTalk.png using Guid(9d1d4b2bdbea98344986204f10f4e5bf) Importer(2089858483,0ecaa5967403d082aa24f35e1b516d23) [PhysX] Initialized MultithreadedTaskDispatcher with 16 workers.
 -> (artifact id: 'f28a537bd2c14dd29d6490b9ada307ac') in 0.016269 seconds
Number of updated asset objects reloaded before import = 0
Number of asset objects unloaded after import = 3
========================================================================
Received Import Request.
  Time since last request: 0.000035 seconds.
  path: Assets/assets/SaxtonH/Saxton-SadNeutral.png
  artifactKey: Guid(fb0e8c92f463d8144a276111084b2377) Importer(2089858483,0ecaa5967403d082aa24f35e1b516d23)
Start importing Assets/assets/SaxtonH/Saxton-SadNeutral.png using Guid(fb0e8c92f463d8144a276111084b2377) Importer(2089858483,0ecaa5967403d082aa24f35e1b516d23) [PhysX] Initialized MultithreadedTaskDispatcher with 16 workers.
 -> (artifact id: '6e26ce5ed0f89a217d64dc86748c60ee') in 0.017967 seconds
Number of updated asset objects reloaded before import = 0
Number of asset objects unloaded after import = 3
========================================================================
Received Import Request.
  Time since last request: 0.000066 seconds.
  path: Assets/assets/Olivia/Olivia-Talking.png
  artifactKey: Guid(fbe9875a243ddce42a717e23360f6aca) Importer(2089858483,0ecaa5967403d082aa24f35e1b516d23)
Start importing Assets/assets/Olivia/Olivia-Talking.png using Guid(fbe9875a243ddce42a717e23360f6aca) Importer(2089858483,0ecaa5967403d082aa24f35e1b516d23) [PhysX] Initialized MultithreadedTaskDispatcher with 16 workers.
 -> (artifact id: '49f800e07a793aee78a0f8a8ac777021') in 0.018695 seconds
Number of updated asset objects reloaded before import = 0
Number of asset objects unloaded after import = 3
========================================================================
Received Import Request.
  Time since last request: 0.000024 seconds.
  path: Assets/TextMesh Pro/Resources/LineBreaking Leading Characters.txt
  artifactKey: Guid(d82c1b31c7e74239bff1220585707d2b) Importer(2089858483,0ecaa5967403d082aa24f35e1b516d23)
Start importing Assets/TextMesh Pro/Resources/LineBreaking Leading Characters.txt using Guid(d82c1b31c7e74239bff1220585707d2b) Importer(2089858483,0ecaa5967403d082aa24f35e1b516d23) [PhysX] Initialized MultithreadedTaskDispatcher with 16 workers.
 -> (artifact id: '77df257375f74be36444ee9accab4bbb') in 0.007092 seconds
Number of updated asset objects reloaded before import = 0
Number of asset objects unloaded after import = 1
========================================================================
Received Import Request.
  Time since last request: 0.000033 seconds.
  path: Assets/assets/Unique Sequences/OliviaFight4000000.png
  artifactKey: Guid(b82346ced54ec1a4988b38cbc0df086e) Importer(2089858483,0ecaa5967403d082aa24f35e1b516d23)
Start importing Assets/assets/Unique Sequences/OliviaFight4000000.png using Guid(b82346ced54ec1a4988b38cbc0df086e) Importer(2089858483,0ecaa5967403d082aa24f35e1b516d23) [PhysX] Initialized MultithreadedTaskDispatcher with 16 workers.
 -> (artifact id: '38af4e7e110862b904b753d7ad987592') in 0.017013 seconds
Number of updated asset objects reloaded before import = 0
Number of asset objects unloaded after import = 3
========================================================================
Received Import Request.
  Time since last request: 0.000028 seconds.
  path: Assets/TextMesh Pro/Shaders/TMP_Bitmap-Custom-Atlas.shader
  artifactKey: Guid(48bb5f55d8670e349b6e614913f9d910) Importer(2089858483,0ecaa5967403d082aa24f35e1b516d23)
Start importing Assets/TextMesh Pro/Shaders/TMP_Bitmap-Custom-Atlas.shader using Guid(48bb5f55d8670e349b6e614913f9d910) Importer(2089858483,0ecaa5967403d082aa24f35e1b516d23) [PhysX] Initialized MultithreadedTaskDispatcher with 16 workers.
 -> (artifact id: '79db7f8a15c15d18a9621948fe59f961') in 0.014322 seconds
Number of updated asset objects reloaded before import = 0
Number of asset objects unloaded after import = 1
========================================================================
Received Import Request.
  Time since last request: 0.000211 seconds.
  path: Assets/TextMesh Pro/Documentation/TextMesh Pro User Guide 2016.pdf
  artifactKey: Guid(1b8d251f9af63b746bf2f7ffe00ebb9b) Importer(2089858483,0ecaa5967403d082aa24f35e1b516d23)
Start importing Assets/TextMesh Pro/Documentation/TextMesh Pro User Guide 2016.pdf using Guid(1b8d251f9af63b746bf2f7ffe00ebb9b) Importer(2089858483,0ecaa5967403d082aa24f35e1b516d23) [PhysX] Initialized MultithreadedTaskDispatcher with 16 workers.
 -> (artifact id: 'adc0808fe4f8b794ca1e8b90f4a2f723') in 0.005366 seconds
Number of updated asset objects reloaded before import = 0
Number of asset objects unloaded after import = 1
========================================================================
Received Import Request.
  Time since last request: 0.000041 seconds.
  path: Assets/TextMesh Pro/Shaders/TMP_Sprite.shader
  artifactKey: Guid(cf81c85f95fe47e1a27f6ae460cf182c) Importer(2089858483,0ecaa5967403d082aa24f35e1b516d23)
Start importing Assets/TextMesh Pro/Shaders/TMP_Sprite.shader using Guid(cf81c85f95fe47e1a27f6ae460cf182c) Importer(2089858483,0ecaa5967403d082aa24f35e1b516d23) [PhysX] Initialized MultithreadedTaskDispatcher with 16 workers.
 -> (artifact id: '7d730ad6a3f7f24df8b8a02be0e88c0a') in 0.006201 seconds
Number of updated asset objects reloaded before import = 0
Number of asset objects unloaded after import = 1
========================================================================
Received Import Request.
  Time since last request: 0.000064 seconds.
  path: Assets/assets/Unique Sequences/OliviaFight5000000.png
  artifactKey: Guid(9dba99ff63ad2904786d62acc306fae9) Importer(2089858483,0ecaa5967403d082aa24f35e1b516d23)
Start importing Assets/assets/Unique Sequences/OliviaFight5000000.png using Guid(9dba99ff63ad2904786d62acc306fae9) Importer(2089858483,0ecaa5967403d082aa24f35e1b516d23) [PhysX] Initialized MultithreadedTaskDispatcher with 16 workers.
 -> (artifact id: 'ec996d18623c8b4c71777c9fdc8b4065') in 0.019050 seconds
Number of updated asset objects reloaded before import = 0
Number of asset objects unloaded after import = 3
========================================================================
Received Import Request.
  Time since last request: 0.000024 seconds.
  path: Assets/assets/Unique Sequences/Graytable000000.png
  artifactKey: Guid(f93f9bd754dd50140b37863564cbafe3) Importer(2089858483,0ecaa5967403d082aa24f35e1b516d23)
Start importing Assets/assets/Unique Sequences/Graytable000000.png using Guid(f93f9bd754dd50140b37863564cbafe3) Importer(2089858483,0ecaa5967403d082aa24f35e1b516d23) [PhysX] Initialized MultithreadedTaskDispatcher with 16 workers.
 -> (artifact id: 'd8f3d83edde13c980a24f75b6409540e') in 0.018047 seconds
Number of updated asset objects reloaded before import = 0
Number of asset objects unloaded after import = 3
========================================================================
Received Import Request.
  Time since last request: 0.000033 seconds.
  path: Assets/assets/Unique Sequences/OliviaFight1000000.png
  artifactKey: Guid(2cb6a5f79aa367e4382cd37d001d5754) Importer(2089858483,0ecaa5967403d082aa24f35e1b516d23)
Start importing Assets/assets/Unique Sequences/OliviaFight1000000.png using Guid(2cb6a5f79aa367e4382cd37d001d5754) Importer(2089858483,0ecaa5967403d082aa24f35e1b516d23) [PhysX] Initialized MultithreadedTaskDispatcher with 16 workers.
 -> (artifact id: 'b7cbcbea967ed2e2a5d5224d9926ae16') in 0.020019 seconds
Number of updated asset objects reloaded before import = 0
Number of asset objects unloaded after import = 3
========================================================================
Received Import Request.
  Time since last request: 0.000022 seconds.
  path: Assets/TextMesh Pro/Resources/Style Sheets/Default Style Sheet.asset
  artifactKey: Guid(f952c082cb03451daed3ee968ac6c63e) Importer(2089858483,0ecaa5967403d082aa24f35e1b516d23)
Start importing Assets/TextMesh Pro/Resources/Style Sheets/Default Style Sheet.asset using Guid(f952c082cb03451daed3ee968ac6c63e) Importer(2089858483,0ecaa5967403d082aa24f35e1b516d23) [PhysX] Initialized MultithreadedTaskDispatcher with 16 workers.
 -> (artifact id: '67c5dcf64a2c0a37d5cf1aadec802415') in 0.008091 seconds
Number of updated asset objects reloaded before import = 0
Number of asset objects unloaded after import = 1
========================================================================
Received Import Request.
  Time since last request: 0.000024 seconds.
  path: Assets/assets/Unique Sequences/oliviapoint000000.png
  artifactKey: Guid(1cd377b4fcebb264f8bcae390f10d804) Importer(2089858483,0ecaa5967403d082aa24f35e1b516d23)
Start importing Assets/assets/Unique Sequences/oliviapoint000000.png using Guid(1cd377b4fcebb264f8bcae390f10d804) Importer(2089858483,0ecaa5967403d082aa24f35e1b516d23) [PhysX] Initialized MultithreadedTaskDispatcher with 16 workers.
 -> (artifact id: '409906e9f24af662b58f4fa93a062fd0') in 0.016620 seconds
Number of updated asset objects reloaded before import = 0
Number of asset objects unloaded after import = 3
========================================================================
Received Import Request.
  Time since last request: 0.000033 seconds.
  path: Assets/assets/GrayMann/Gray-Neutral.png
  artifactKey: Guid(4a014b74656413548b958005bbcc9d33) Importer(2089858483,0ecaa5967403d082aa24f35e1b516d23)
Start importing Assets/assets/GrayMann/Gray-Neutral.png using Guid(4a014b74656413548b958005bbcc9d33) Importer(2089858483,0ecaa5967403d082aa24f35e1b516d23) [PhysX] Initialized MultithreadedTaskDispatcher with 16 workers.
 -> (artifact id: '8831d2eec3ae215a3af0fbafb238e53c') in 0.017086 seconds
Number of updated asset objects reloaded before import = 0
Number of asset objects unloaded after import = 3
========================================================================
Received Import Request.
  Time since last request: 0.000039 seconds.
  path: Assets/assets/Unique Sequences/GrayPAIN000000.png
  artifactKey: Guid(9256f0f0f09218e45932e567c8a401ec) Importer(2089858483,0ecaa5967403d082aa24f35e1b516d23)
Start importing Assets/assets/Unique Sequences/GrayPAIN000000.png using Guid(9256f0f0f09218e45932e567c8a401ec) Importer(2089858483,0ecaa5967403d082aa24f35e1b516d23) [PhysX] Initialized MultithreadedTaskDispatcher with 16 workers.
 -> (artifact id: '4194b27b9eb14bbfd65f5f15b975c1bd') in 0.022036 seconds
Number of updated asset objects reloaded before import = 0
Number of asset objects unloaded after import = 3
========================================================================
Received Import Request.
  Time since last request: 0.000044 seconds.
  path: Assets/TextMesh Pro/Shaders/TMP_SDF-Surface.shader
  artifactKey: Guid(f7ada0af4f174f0694ca6a487b8f543d) Importer(2089858483,0ecaa5967403d082aa24f35e1b516d23)
Start importing Assets/TextMesh Pro/Shaders/TMP_SDF-Surface.shader using Guid(f7ada0af4f174f0694ca6a487b8f543d) Importer(2089858483,0ecaa5967403d082aa24f35e1b516d23) [PhysX] Initialized MultithreadedTaskDispatcher with 16 workers.
 -> (artifact id: 'f7ad093903ad7c58277bf4670f28fc53') in 0.008130 seconds
Number of updated asset objects reloaded before import = 0
Number of asset objects unloaded after import = 1
========================================================================
Received Import Request.
  Time since last request: 0.000043 seconds.
  path: Assets/assets/Unique Sequences/OliviaFight3000000.png
  artifactKey: Guid(56bf3faf3bf2d2647b94943b4b596e96) Importer(2089858483,0ecaa5967403d082aa24f35e1b516d23)
Start importing Assets/assets/Unique Sequences/OliviaFight3000000.png using Guid(56bf3faf3bf2d2647b94943b4b596e96) Importer(2089858483,0ecaa5967403d082aa24f35e1b516d23) [PhysX] Initialized MultithreadedTaskDispatcher with 16 workers.
 -> (artifact id: 'b51d6d8813a287e88c87bd482d5b7f62') in 0.018034 seconds
Number of updated asset objects reloaded before import = 0
Number of asset objects unloaded after import = 3
========================================================================
Received Import Request.
  Time since last request: 0.000054 seconds.
  path: Assets/assets/Civillian/Civillian-talking.png
  artifactKey: Guid(a38370be67c7e744e9f45764118632fb) Importer(2089858483,0ecaa5967403d082aa24f35e1b516d23)
Start importing Assets/assets/Civillian/Civillian-talking.png using Guid(a38370be67c7e744e9f45764118632fb) Importer(2089858483,0ecaa5967403d082aa24f35e1b516d23) [PhysX] Initialized MultithreadedTaskDispatcher with 16 workers.
 -> (artifact id: '1e3923cf180891b3e64bcdfca86b49f8') in 0.029868 seconds
Number of updated asset objects reloaded before import = 0
Number of asset objects unloaded after import = 3
========================================================================
Received Import Request.
  Time since last request: 0.000039 seconds.
  path: Assets/assets/GrayMann/graytalking-happymad.png
  artifactKey: Guid(0856fd1fc4ea6d645b9fe2ddeef7bebc) Importer(2089858483,0ecaa5967403d082aa24f35e1b516d23)
Start importing Assets/assets/GrayMann/graytalking-happymad.png using Guid(0856fd1fc4ea6d645b9fe2ddeef7bebc) Importer(2089858483,0ecaa5967403d082aa24f35e1b516d23) [PhysX] Initialized MultithreadedTaskDispatcher with 16 workers.
 -> (artifact id: 'c7186222d9af7855b1f794e39b1511ee') in 0.028251 seconds
Number of updated asset objects reloaded before import = 0
Number of asset objects unloaded after import = 3
========================================================================
Received Import Request.
  Time since last request: 0.000089 seconds.
  path: Assets/TextMesh Pro/Shaders/TMP_SDF-Surface-Mobile.shader
  artifactKey: Guid(85187c2149c549c5b33f0cdb02836b17) Importer(2089858483,0ecaa5967403d082aa24f35e1b516d23)
Start importing Assets/TextMesh Pro/Shaders/TMP_SDF-Surface-Mobile.shader using Guid(85187c2149c549c5b33f0cdb02836b17) Importer(2089858483,0ecaa5967403d082aa24f35e1b516d23) [PhysX] Initialized MultithreadedTaskDispatcher with 16 workers.
 -> (artifact id: '23099d7a45a1be69c05f33fded481fc3') in 0.019246 seconds
Number of updated asset objects reloaded before import = 0
Number of asset objects unloaded after import = 1
========================================================================
Received Import Request.
  Time since last request: 0.000041 seconds.
  path: Assets/assets/Sounds/breaking.mp3
  artifactKey: Guid(6e343f94178eb0149a378a7bdc6999f5) Importer(2089858483,0ecaa5967403d082aa24f35e1b516d23)
Start importing Assets/assets/Sounds/breaking.mp3 using Guid(6e343f94178eb0149a378a7bdc6999f5) Importer(2089858483,0ecaa5967403d082aa24f35e1b516d23) [PhysX] Initialized MultithreadedTaskDispatcher with 16 workers.
 -> (artifact id: 'f63c4c2796042303c531ada50f79613d') in 0.042615 seconds
Number of updated asset objects reloaded before import = 0
Number of asset objects unloaded after import = 1
========================================================================
Received Prepare
Refreshing native plugins compatible for Editor in 13.26 ms, found 3 plugins.
Preloading 0 native plugins for Editor in 0.00 ms.
Unloading 0 Unused Serialized files (Serialized files now loaded: 0)
Unloading 1 unused Assets / (0.9 KB). Loaded Objects now: 3620.
Memory consumption went from 71.9 MB to 71.9 MB.
Total: 7.536000 ms (FindLiveObjects: 0.562900 ms CreateObjectMapping: 0.709400 ms MarkObjects: 6.151300 ms  DeleteObjects: 0.110400 ms)

Prepare: number of updated asset objects reloaded= 0
AssetImportParameters requested are different than current active one (requested -> active):
  custom:container-demuxer-ogg: 62fdf1f143b41e24485cea50d1cbac27 -> 
  custom:video-codec-MediaFoundation-h265: 746d11721c4dcdbdad8f713fa42b33f4 -> 
  custom:video-decoder-ogg-theora: a1e56fd34408186e4bbccfd4996cb3dc -> 
  custom:framework-win-MediaFoundation: 216162199b28c13a410421893ffa2e32 -> 
  custom:CustomObjectIndexerAttribute: 9a22284fe3817be447336de3de66b15e -> 
  custom:container-demuxer-webm: 4f35f7cbe854078d1ac9338744f61a02 -> 
  custom:container-muxer-webm: aa71ff27fc2769a1b78a27578f13a17b -> 
  custom:video-decoder-webm-vp8: 9c59270c3fd7afecdb556c50c9e8de78 -> 
  custom:SearchIndexIgnoredProperties: e643bd26f0fe6173181afceb89e7c659 -> 
  custom:AudioImporter_EditorPlatform: d09bf68614088b80899f8185d706f6e7 -> 
  custom:video-encoder-webm-vp8: eb34c28f22e8b96e1ab97ce403110664 -> 
  custom:audio-decoder-ogg-vorbis: bf7c407c2cedff20999df2af8eb42d56 -> 
  custom:audio-encoder-webm-vorbis: bf7c407c2cedff20999df2af8eb42d56 -> 
